Determining if the pthread_create exist failed with the following output:
Change Dir: /home/sart/katkin_ws/build_isolated/ceres-solver/install/CMakeFiles/CMakeTmp

Run Build Command:"/usr/bin/ninja" "cmTC_62b08"
[1/2] Building C object CMakeFiles/cmTC_62b08.dir/CheckSymbolExists.c.o
[2/2] Linking C executable cmTC_62b08
FAILED: cmTC_62b08 
: && /usr/bin/cc   -rdynamic CMakeFiles/cmTC_62b08.dir/CheckSymbolExists.c.o  -o cmTC_62b08   && :
CMakeFiles/cmTC_62b08.dir/CheckSymbolExists.c.o: In function `main':
CheckSymbolExists.c:(.text+0x1b): undefined reference to `pthread_create'
collect2: error: ld returned 1 exit status
ninja: build stopped: subcommand failed.

File /home/sart/katkin_ws/build_isolated/ceres-solver/install/CMakeFiles/CMakeTmp/CheckSymbolExists.c:
/* */
#include <pthread.h>

int main(int argc, char** argv)
{
  (void)argv;
#ifndef pthread_create
  return ((int*)(&pthread_create))[argc];
#else
  (void)argc;
  return 0;
#endif
}

Determining if the function pthread_create exists in the pthreads failed with the following output:
Change Dir: /home/sart/katkin_ws/build_isolated/ceres-solver/install/CMakeFiles/CMakeTmp

Run Build Command:"/usr/bin/ninja" "cmTC_19116"
[1/2] Building C object CMakeFiles/cmTC_19116.dir/CheckFunctionExists.c.o
[2/2] Linking C executable cmTC_19116
FAILED: cmTC_19116 
: && /usr/bin/cc -DCHECK_FUNCTION_EXISTS=pthread_create  -rdynamic CMakeFiles/cmTC_19116.dir/CheckFunctionExists.c.o  -o cmTC_19116  -lpthreads && :
/usr/bin/ld: cannot find -lpthreads
collect2: error: ld returned 1 exit status
ninja: build stopped: subcommand failed.


