Determining if the pthread_create exist failed with the following output:
Change Dir: /home/sart/katkin_ws/build_isolated/cartographer/install/CMakeFiles/CMakeTmp

Run Build Command:"/usr/bin/ninja" "cmTC_afdd0"
[1/2] Building C object CMakeFiles/cmTC_afdd0.dir/CheckSymbolExists.c.o
[2/2] Linking C executable cmTC_afdd0
FAILED: cmTC_afdd0 
: && /usr/bin/cc   -rdynamic CMakeFiles/cmTC_afdd0.dir/CheckSymbolExists.c.o  -o cmTC_afdd0   && :
CMakeFiles/cmTC_afdd0.dir/CheckSymbolExists.c.o: In function `main':
CheckSymbolExists.c:(.text+0x1b): undefined reference to `pthread_create'
collect2: error: ld returned 1 exit status
ninja: build stopped: subcommand failed.

File /home/sart/katkin_ws/build_isolated/cartographer/install/CMakeFiles/CMakeTmp/CheckSymbolExists.c:
/* */
#include <pthread.h>

int main(int argc, char** argv)
{
  (void)argv;
#ifndef pthread_create
  return ((int*)(&pthread_create))[argc];
#else
  (void)argc;
  return 0;
#endif
}

Determining if the function pthread_create exists in the pthreads failed with the following output:
Change Dir: /home/sart/katkin_ws/build_isolated/cartographer/install/CMakeFiles/CMakeTmp

Run Build Command:"/usr/bin/ninja" "cmTC_27393"
[1/2] Building C object CMakeFiles/cmTC_27393.dir/CheckFunctionExists.c.o
[2/2] Linking C executable cmTC_27393
FAILED: cmTC_27393 
: && /usr/bin/cc -DCHECK_FUNCTION_EXISTS=pthread_create  -rdynamic CMakeFiles/cmTC_27393.dir/CheckFunctionExists.c.o  -o cmTC_27393  -lpthreads && :
/usr/bin/ld: cannot find -lpthreads
collect2: error: ld returned 1 exit status
ninja: build stopped: subcommand failed.


